# JRE version: Java(TM) SE Runtime Environment (21.0.5+9) (build 21.0.5+9-LTS-239)
# Java VM: Java HotSpot(TM) 64-Bit Server VM (21.0.5+9-LTS-239, mixed mode, sharing, tiered, compressed oops, compressed class ptrs, g1 gc, windows-amd64)
GC Precious Log:
 CardTable entry size: 512
 Card Set container configuration: InlinePtr #cards 4 size 8 Array Of Cards #cards 16 size 48 Howl #buckets 8 coarsen threshold 3686 Howl Bitmap #cards 512 size 80 coarsen threshold 460 Card regions per heap region 1 cards per card region 4096
 CPUs: 8 total, 8 available
 Memory: 16299M
 Large Page Support: Disabled
 NUMA Support: Disabled
 Compressed Oops: Enabled (Zero based)
 Heap Region Size: 2M
 Heap Min Capacity: 8M
 Heap Initial Capacity: 256M
 Heap Max Capacity: 4076M
 Pre-touch: Disabled
 Parallel Workers: 8
 Concurrent Workers: 2
 Concurrent Refinement Workers: 8
 Periodic GC: Disabled
Heap:
 garbage-first heap   total 90112K, used 45548K [0x0000000701400000, 0x0000000800000000)
  region size 2048K, 9 young (18432K), 2 survivors (4096K)
 Metaspace       used 30050K, committed 30464K, reserved 1114112K
  class space    used 3329K, committed 3520K, reserved 1048576K
GC Heap History (14 events):
Event: 1.130 GC heap before
{Heap before GC invocations=0 (full 0):
 garbage-first heap   total 262144K, used 22528K [0x0000000701400000, 0x0000000800000000)
  region size 2048K, 11 young (22528K), 0 survivors (0K)
 Metaspace       used 5646K, committed 5824K, reserved 1114112K
  class space    used 651K, committed 768K, reserved 1048576K
}
Event: 1.136 GC heap after
{Heap after GC invocations=1 (full 0):
 garbage-first heap   total 262144K, used 3813K [0x0000000701400000, 0x0000000800000000)
  region size 2048K, 2 young (4096K), 2 survivors (4096K)
 Metaspace       used 5646K, committed 5824K, reserved 1114112K
  class space    used 651K, committed 768K, reserved 1048576K
}
Event: 1.949 GC heap before
{Heap before GC invocations=1 (full 0):
 garbage-first heap   total 262144K, used 36581K [0x0000000701400000, 0x0000000800000000)
  region size 2048K, 18 young (36864K), 2 survivors (4096K)
 Metaspace       used 10326K, committed 10432K, reserved 1114112K
  class space    used 1220K, committed 1280K, reserved 1048576K
}
Event: 1.955 GC heap after
{Heap after GC invocations=2 (full 0):
 garbage-first heap   total 262144K, used 5619K [0x0000000701400000, 0x0000000800000000)
  region size 2048K, 1 young (2048K), 1 survivors (2048K)
 Metaspace       used 10326K, committed 10432K, reserved 1114112K
  class space    used 1220K, committed 1280K, reserved 1048576K
}
Event: 5.832 GC heap before
{Heap before GC invocations=2 (full 0):
 garbage-first heap   total 262144K, used 87539K [0x0000000701400000, 0x0000000800000000)
  region size 2048K, 43 young (88064K), 1 survivors (2048K)
 Metaspace       used 21203K, committed 21504K, reserved 1114112K
  class space    used 2472K, committed 2624K, reserved 1048576K
}
Event: 5.841 GC heap after
{Heap after GC invocations=3 (full 0):
 garbage-first heap   total 262144K, used 12324K [0x0000000701400000, 0x0000000800000000)
  region size 2048K, 5 young (10240K), 5 survivors (10240K)
 Metaspace       used 21203K, committed 21504K, reserved 1114112K
  class space    used 2472K, committed 2624K, reserved 1048576K
}
Event: 7.472 GC heap before
{Heap before GC invocations=4 (full 0):
 garbage-first heap   total 55296K, used 53284K [0x0000000701400000, 0x0000000800000000)
  region size 2048K, 25 young (51200K), 5 survivors (10240K)
 Metaspace       used 26453K, committed 26816K, reserved 1114112K
  class space    used 2997K, committed 3200K, reserved 1048576K
}
Event: 7.492 GC heap after
{Heap after GC invocations=5 (full 0):
 garbage-first heap   total 73728K, used 20975K [0x0000000701400000, 0x0000000800000000)
  region size 2048K, 9 young (18432K), 9 survivors (18432K)
 Metaspace       used 26453K, committed 26816K, reserved 1114112K
  class space    used 2997K, committed 3200K, reserved 1048576K
}
Event: 7.993 GC heap before
{Heap before GC invocations=5 (full 0):
 garbage-first heap   total 73728K, used 45551K [0x0000000701400000, 0x0000000800000000)
  region size 2048K, 21 young (43008K), 9 survivors (18432K)
 Metaspace       used 26943K, committed 27328K, reserved 1114112K
  class space    used 3054K, committed 3264K, reserved 1048576K
}
Event: 8.018 GC heap after
{Heap after GC invocations=6 (full 0):
 garbage-first heap   total 73728K, used 24124K [0x0000000701400000, 0x0000000800000000)
  region size 2048K, 3 young (6144K), 3 survivors (6144K)
 Metaspace       used 26943K, committed 27328K, reserved 1114112K
  class space    used 3054K, committed 3264K, reserved 1048576K
}
Event: 9.613 GC heap before
{Heap before GC invocations=6 (full 0):
 garbage-first heap   total 73728K, used 56892K [0x0000000701400000, 0x0000000800000000)
  region size 2048K, 18 young (36864K), 3 survivors (6144K)
 Metaspace       used 28718K, committed 29120K, reserved 1114112K
  class space    used 3241K, committed 3456K, reserved 1048576K
}
Event: 9.637 GC heap after
{Heap after GC invocations=7 (full 0):
 garbage-first heap   total 73728K, used 30414K [0x0000000701400000, 0x0000000800000000)
  region size 2048K, 3 young (6144K), 3 survivors (6144K)
 Metaspace       used 28718K, committed 29120K, reserved 1114112K
  class space    used 3241K, committed 3456K, reserved 1048576K
}
Event: 11.191 GC heap before
{Heap before GC invocations=7 (full 0):
 garbage-first heap   total 73728K, used 57038K [0x0000000701400000, 0x0000000800000000)
  region size 2048K, 16 young (32768K), 3 survivors (6144K)
 Metaspace       used 29853K, committed 30272K, reserved 1114112K
  class space    used 3325K, committed 3520K, reserved 1048576K
}
Event: 11.212 GC heap after
{Heap after GC invocations=8 (full 0):
 garbage-first heap   total 90112K, used 33260K [0x0000000701400000, 0x0000000800000000)
  region size 2048K, 2 young (4096K), 2 survivors (4096K)
 Metaspace       used 29853K, committed 30272K, reserved 1114112K
  class space    used 3325K, committed 3520K, reserved 1048576K
}

