# JRE version: Java(TM) SE Runtime Environment (21.0.5+9) (build 21.0.5+9-LTS-239)
# Java VM: Java HotSpot(TM) 64-Bit Server VM (21.0.5+9-LTS-239, mixed mode, sharing, tiered, compressed oops, compressed class ptrs, g1 gc, windows-amd64)
GC Precious Log:
 CardTable entry size: 512
 Card Set container configuration: InlinePtr #cards 4 size 8 Array Of Cards #cards 16 size 48 Howl #buckets 8 coarsen threshold 3686 Howl Bitmap #cards 512 size 80 coarsen threshold 460 Card regions per heap region 1 cards per card region 4096
 CPUs: 8 total, 8 available
 Memory: 16299M
 Large Page Support: Disabled
 NUMA Support: Disabled
 Compressed Oops: Enabled (Zero based)
 Heap Region Size: 2M
 Heap Min Capacity: 8M
 Heap Initial Capacity: 256M
 Heap Max Capacity: 4076M
 Pre-touch: Disabled
 Parallel Workers: 8
 Concurrent Workers: 2
 Concurrent Refinement Workers: 8
 Periodic GC: Disabled
Heap:
 garbage-first heap   total 96256K, used 52970K [0x0000000701400000, 0x0000000800000000)
  region size 2048K, 14 young (28672K), 4 survivors (8192K)
 Metaspace       used 32131K, committed 32512K, reserved 1114112K
  class space    used 3560K, committed 3712K, reserved 1048576K
GC Heap History (18 events):
Event: 0.949 GC heap before
{Heap before GC invocations=0 (full 0):
 garbage-first heap   total 262144K, used 22528K [0x0000000701400000, 0x0000000800000000)
  region size 2048K, 11 young (22528K), 0 survivors (0K)
 Metaspace       used 5643K, committed 5824K, reserved 1114112K
  class space    used 651K, committed 768K, reserved 1048576K
}
Event: 0.954 GC heap after
{Heap after GC invocations=1 (full 0):
 garbage-first heap   total 262144K, used 3931K [0x0000000701400000, 0x0000000800000000)
  region size 2048K, 2 young (4096K), 2 survivors (4096K)
 Metaspace       used 5643K, committed 5824K, reserved 1114112K
  class space    used 651K, committed 768K, reserved 1048576K
}
Event: 1.992 GC heap before
{Heap before GC invocations=1 (full 0):
 garbage-first heap   total 262144K, used 36699K [0x0000000701400000, 0x0000000800000000)
  region size 2048K, 18 young (36864K), 2 survivors (4096K)
 Metaspace       used 10373K, committed 10560K, reserved 1114112K
  class space    used 1224K, committed 1344K, reserved 1048576K
}
Event: 1.998 GC heap after
{Heap after GC invocations=2 (full 0):
 garbage-first heap   total 262144K, used 5783K [0x0000000701400000, 0x0000000800000000)
  region size 2048K, 2 young (4096K), 2 survivors (4096K)
 Metaspace       used 10373K, committed 10560K, reserved 1114112K
  class space    used 1224K, committed 1344K, reserved 1048576K
}
Event: 5.969 GC heap before
{Heap before GC invocations=2 (full 0):
 garbage-first heap   total 262144K, used 91799K [0x0000000701400000, 0x0000000800000000)
  region size 2048K, 45 young (92160K), 2 survivors (4096K)
 Metaspace       used 21196K, committed 21504K, reserved 1114112K
  class space    used 2466K, committed 2624K, reserved 1048576K
}
Event: 5.979 GC heap after
{Heap after GC invocations=3 (full 0):
 garbage-first heap   total 262144K, used 12663K [0x0000000701400000, 0x0000000800000000)
  region size 2048K, 5 young (10240K), 5 survivors (10240K)
 Metaspace       used 21196K, committed 21504K, reserved 1114112K
  class space    used 2466K, committed 2624K, reserved 1048576K
}
Event: 7.372 GC heap before
{Heap before GC invocations=4 (full 0):
 garbage-first heap   total 55296K, used 53623K [0x0000000701400000, 0x0000000800000000)
  region size 2048K, 25 young (51200K), 5 survivors (10240K)
 Metaspace       used 26532K, committed 26944K, reserved 1114112K
  class space    used 3007K, committed 3200K, reserved 1048576K
}
Event: 7.395 GC heap after
{Heap after GC invocations=5 (full 0):
 garbage-first heap   total 73728K, used 21793K [0x0000000701400000, 0x0000000800000000)
  region size 2048K, 9 young (18432K), 9 survivors (18432K)
 Metaspace       used 26532K, committed 26944K, reserved 1114112K
  class space    used 3007K, committed 3200K, reserved 1048576K
}
Event: 7.754 GC heap before
{Heap before GC invocations=5 (full 0):
 garbage-first heap   total 73728K, used 46369K [0x0000000701400000, 0x0000000800000000)
  region size 2048K, 21 young (43008K), 9 survivors (18432K)
 Metaspace       used 27009K, committed 27456K, reserved 1114112K
  class space    used 3064K, committed 3264K, reserved 1048576K
}
Event: 7.780 GC heap after
{Heap after GC invocations=6 (full 0):
 garbage-first heap   total 73728K, used 25100K [0x0000000701400000, 0x0000000800000000)
  region size 2048K, 3 young (6144K), 3 survivors (6144K)
 Metaspace       used 27009K, committed 27456K, reserved 1114112K
  class space    used 3064K, committed 3264K, reserved 1048576K
}
Event: 8.396 GC heap before
{Heap before GC invocations=6 (full 0):
 garbage-first heap   total 73728K, used 57868K [0x0000000701400000, 0x0000000800000000)
  region size 2048K, 18 young (36864K), 3 survivors (6144K)
 Metaspace       used 28406K, committed 28800K, reserved 1114112K
  class space    used 3212K, committed 3392K, reserved 1048576K
}
Event: 8.418 GC heap after
{Heap after GC invocations=7 (full 0):
 garbage-first heap   total 73728K, used 29285K [0x0000000701400000, 0x0000000800000000)
  region size 2048K, 3 young (6144K), 3 survivors (6144K)
 Metaspace       used 28406K, committed 28800K, reserved 1114112K
  class space    used 3212K, committed 3392K, reserved 1048576K
}
Event: 9.378 GC heap before
{Heap before GC invocations=7 (full 0):
 garbage-first heap   total 73728K, used 57957K [0x0000000701400000, 0x0000000800000000)
  region size 2048K, 17 young (34816K), 3 survivors (6144K)
 Metaspace       used 29801K, committed 30208K, reserved 1114112K
  class space    used 3334K, committed 3520K, reserved 1048576K
}
Event: 9.397 GC heap after
{Heap after GC invocations=8 (full 0):
 garbage-first heap   total 96256K, used 32231K [0x0000000701400000, 0x0000000800000000)
  region size 2048K, 2 young (4096K), 2 survivors (4096K)
 Metaspace       used 29801K, committed 30208K, reserved 1114112K
  class space    used 3334K, committed 3520K, reserved 1048576K
}
Event: 10.535 GC heap before
{Heap before GC invocations=8 (full 0):
 garbage-first heap   total 96256K, used 77287K [0x0000000701400000, 0x0000000800000000)
  region size 2048K, 24 young (49152K), 2 survivors (4096K)
 Metaspace       used 30345K, committed 30784K, reserved 1114112K
  class space    used 3350K, committed 3520K, reserved 1048576K
}
Event: 10.552 GC heap after
{Heap after GC invocations=9 (full 0):
 garbage-first heap   total 96256K, used 34080K [0x0000000701400000, 0x0000000800000000)
  region size 2048K, 3 young (6144K), 3 survivors (6144K)
 Metaspace       used 30345K, committed 30784K, reserved 1114112K
  class space    used 3350K, committed 3520K, reserved 1048576K
}
Event: 11.733 GC heap before
{Heap before GC invocations=9 (full 0):
 garbage-first heap   total 96256K, used 79136K [0x0000000701400000, 0x0000000800000000)
  region size 2048K, 25 young (51200K), 3 survivors (6144K)
 Metaspace       used 30868K, committed 31360K, reserved 1114112K
  class space    used 3365K, committed 3584K, reserved 1048576K
}
Event: 11.747 GC heap after
{Heap after GC invocations=10 (full 0):
 garbage-first heap   total 96256K, used 36586K [0x0000000701400000, 0x0000000800000000)
  region size 2048K, 4 young (8192K), 4 survivors (8192K)
 Metaspace       used 30868K, committed 31360K, reserved 1114112K
  class space    used 3365K, committed 3584K, reserved 1048576K
}

