# JRE version: Java(TM) SE Runtime Environment (21.0.5+9) (build 21.0.5+9-LTS-239)
# Java VM: Java HotSpot(TM) 64-Bit Server VM (21.0.5+9-LTS-239, mixed mode, sharing, tiered, compressed oops, compressed class ptrs, g1 gc, windows-amd64)
GC Precious Log:
 CardTable entry size: 512
 Card Set container configuration: InlinePtr #cards 4 size 8 Array Of Cards #cards 16 size 48 Howl #buckets 8 coarsen threshold 3686 Howl Bitmap #cards 512 size 80 coarsen threshold 460 Card regions per heap region 1 cards per card region 4096
 CPUs: 8 total, 8 available
 Memory: 16299M
 Large Page Support: Disabled
 NUMA Support: Disabled
 Compressed Oops: Enabled (Zero based)
 Heap Region Size: 2M
 Heap Min Capacity: 8M
 Heap Initial Capacity: 256M
 Heap Max Capacity: 4076M
 Pre-touch: Disabled
 Parallel Workers: 8
 Concurrent Workers: 2
 Concurrent Refinement Workers: 8
 Periodic GC: Disabled
Heap:
 garbage-first heap   total 184320K, used 99015K [0x0000000701400000, 0x0000000800000000)
  region size 2048K, 32 young (65536K), 3 survivors (6144K)
 Metaspace       used 43623K, committed 44032K, reserved 1114112K
  class space    used 5250K, committed 5440K, reserved 1048576K
GC Heap History (18 events):
Event: 0.902 GC heap before
{Heap before GC invocations=0 (full 0):
 garbage-first heap   total 262144K, used 20480K [0x0000000701400000, 0x0000000800000000)
  region size 2048K, 11 young (22528K), 0 survivors (0K)
 Metaspace       used 2522K, committed 2752K, reserved 1114112K
  class space    used 265K, committed 384K, reserved 1048576K
}
Event: 0.905 GC heap after
{Heap after GC invocations=1 (full 0):
 garbage-first heap   total 262144K, used 1830K [0x0000000701400000, 0x0000000800000000)
  region size 2048K, 1 young (2048K), 1 survivors (2048K)
 Metaspace       used 2522K, committed 2752K, reserved 1114112K
  class space    used 265K, committed 384K, reserved 1048576K
}
Event: 1.874 GC heap before
{Heap before GC invocations=1 (full 0):
 garbage-first heap   total 262144K, used 38694K [0x0000000701400000, 0x0000000800000000)
  region size 2048K, 20 young (40960K), 1 survivors (2048K)
 Metaspace       used 12481K, committed 12672K, reserved 1114112K
  class space    used 1389K, committed 1472K, reserved 1048576K
}
Event: 1.882 GC heap after
{Heap after GC invocations=2 (full 0):
 garbage-first heap   total 262144K, used 8736K [0x0000000701400000, 0x0000000800000000)
  region size 2048K, 3 young (6144K), 3 survivors (6144K)
 Metaspace       used 12481K, committed 12672K, reserved 1114112K
  class space    used 1389K, committed 1472K, reserved 1048576K
}
Event: 3.570 GC heap before
{Heap before GC invocations=2 (full 0):
 garbage-first heap   total 262144K, used 137760K [0x0000000701400000, 0x0000000800000000)
  region size 2048K, 68 young (139264K), 3 survivors (6144K)
 Metaspace       used 21210K, committed 21504K, reserved 1114112K
  class space    used 2992K, committed 3136K, reserved 1048576K
}
Event: 3.604 GC heap after
{Heap after GC invocations=3 (full 0):
 garbage-first heap   total 262144K, used 91088K [0x0000000701400000, 0x0000000800000000)
  region size 2048K, 10 young (20480K), 10 survivors (20480K)
 Metaspace       used 21210K, committed 21504K, reserved 1114112K
  class space    used 2992K, committed 3136K, reserved 1048576K
}
Event: 17.596 GC heap before
{Heap before GC invocations=4 (full 0):
 garbage-first heap   total 262144K, used 140240K [0x0000000701400000, 0x0000000800000000)
  region size 2048K, 33 young (67584K), 10 survivors (20480K)
 Metaspace       used 27207K, committed 27584K, reserved 1114112K
  class space    used 3661K, committed 3776K, reserved 1048576K
}
Event: 17.613 GC heap after
{Heap after GC invocations=5 (full 0):
 garbage-first heap   total 262144K, used 110879K [0x0000000701400000, 0x0000000800000000)
  region size 2048K, 5 young (10240K), 5 survivors (10240K)
 Metaspace       used 27207K, committed 27584K, reserved 1114112K
  class space    used 3661K, committed 3776K, reserved 1048576K
}
Event: 18.874 GC heap before
{Heap before GC invocations=5 (full 0):
 garbage-first heap   total 262144K, used 147743K [0x0000000701400000, 0x0000000800000000)
  region size 2048K, 24 young (49152K), 5 survivors (10240K)
 Metaspace       used 35704K, committed 36096K, reserved 1114112K
  class space    used 4488K, committed 4672K, reserved 1048576K
}
Event: 18.880 GC heap after
{Heap after GC invocations=6 (full 0):
 garbage-first heap   total 262144K, used 111313K [0x0000000701400000, 0x0000000800000000)
  region size 2048K, 2 young (4096K), 2 survivors (4096K)
 Metaspace       used 35704K, committed 36096K, reserved 1114112K
  class space    used 4488K, committed 4672K, reserved 1048576K
}
Event: 18.915 GC heap before
{Heap before GC invocations=6 (full 0):
 garbage-first heap   total 262144K, used 113361K [0x0000000701400000, 0x0000000800000000)
  region size 2048K, 4 young (8192K), 2 survivors (4096K)
 Metaspace       used 36046K, committed 36416K, reserved 1114112K
  class space    used 4511K, committed 4672K, reserved 1048576K
}
Event: 18.919 GC heap after
{Heap after GC invocations=7 (full 0):
 garbage-first heap   total 262144K, used 111328K [0x0000000701400000, 0x0000000800000000)
  region size 2048K, 2 young (4096K), 2 survivors (4096K)
 Metaspace       used 36046K, committed 36416K, reserved 1114112K
  class space    used 4511K, committed 4672K, reserved 1048576K
}
Event: 22.635 GC heap before
{Heap before GC invocations=8 (full 0):
 garbage-first heap   total 184320K, used 127712K [0x0000000701400000, 0x0000000800000000)
  region size 2048K, 38 young (77824K), 2 survivors (4096K)
 Metaspace       used 41695K, committed 42176K, reserved 1114112K
  class space    used 5180K, committed 5376K, reserved 1048576K
}
Event: 22.642 GC heap after
{Heap after GC invocations=9 (full 0):
 garbage-first heap   total 184320K, used 60326K [0x0000000701400000, 0x0000000800000000)
  region size 2048K, 4 young (8192K), 4 survivors (8192K)
 Metaspace       used 41695K, committed 42176K, reserved 1114112K
  class space    used 5180K, committed 5376K, reserved 1048576K
}
Event: 22.927 GC heap before
{Heap before GC invocations=9 (full 0):
 garbage-first heap   total 184320K, used 127910K [0x0000000701400000, 0x0000000800000000)
  region size 2048K, 37 young (75776K), 4 survivors (8192K)
 Metaspace       used 42119K, committed 42560K, reserved 1114112K
  class space    used 5218K, committed 5440K, reserved 1048576K
}
Event: 22.937 GC heap after
{Heap after GC invocations=10 (full 0):
 garbage-first heap   total 184320K, used 43855K [0x0000000701400000, 0x0000000800000000)
  region size 2048K, 4 young (8192K), 4 survivors (8192K)
 Metaspace       used 42119K, committed 42560K, reserved 1114112K
  class space    used 5218K, committed 5440K, reserved 1048576K
}
Event: 50.753 GC heap before
{Heap before GC invocations=10 (full 0):
 garbage-first heap   total 184320K, used 123727K [0x0000000701400000, 0x0000000800000000)
  region size 2048K, 43 young (88064K), 4 survivors (8192K)
 Metaspace       used 43368K, committed 43776K, reserved 1114112K
  class space    used 5249K, committed 5440K, reserved 1048576K
}
Event: 50.761 GC heap after
{Heap after GC invocations=11 (full 0):
 garbage-first heap   total 184320K, used 39623K [0x0000000701400000, 0x0000000800000000)
  region size 2048K, 3 young (6144K), 3 survivors (6144K)
 Metaspace       used 43368K, committed 43776K, reserved 1114112K
  class space    used 5249K, committed 5440K, reserved 1048576K
}

